{"/Users/rodris04/code/mcr.codes/virtual-pet-3/src/pet.js": {"path":"/Users/rodris04/code/mcr.codes/virtual-pet-3/src/pet.js","statementMap":{"0":{"start":{"line":6,"column":23},"end":{"line":6,"column":25}},"1":{"start":{"line":7,"column":23},"end":{"line":7,"column":24}},"2":{"start":{"line":8,"column":22},"end":{"line":8,"column":23}},"3":{"start":{"line":9,"column":22},"end":{"line":9,"column":24}},"4":{"start":{"line":10,"column":19},"end":{"line":10,"column":21}},"5":{"start":{"line":11,"column":19},"end":{"line":11,"column":20}},"6":{"start":{"line":14,"column":4},"end":{"line":14,"column":21}},"7":{"start":{"line":15,"column":4},"end":{"line":15,"column":26}},"8":{"start":{"line":16,"column":4},"end":{"line":16,"column":32}},"9":{"start":{"line":17,"column":4},"end":{"line":17,"column":34}},"10":{"start":{"line":18,"column":4},"end":{"line":18,"column":23}},"11":{"start":{"line":21,"column":0},"end":{"line":25,"column":3}},"12":{"start":{"line":23,"column":8},"end":{"line":23,"column":102}},"13":{"start":{"line":47,"column":0},"end":{"line":57,"column":2}},"14":{"start":{"line":50,"column":4},"end":{"line":52,"column":5}},"15":{"start":{"line":51,"column":8},"end":{"line":51,"column":55}},"16":{"start":{"line":54,"column":4},"end":{"line":54,"column":18}},"17":{"start":{"line":55,"column":4},"end":{"line":55,"column":21}},"18":{"start":{"line":56,"column":4},"end":{"line":56,"column":21}},"19":{"start":{"line":59,"column":0},"end":{"line":69,"column":2}},"20":{"start":{"line":60,"column":4},"end":{"line":68,"column":5}},"21":{"start":{"line":61,"column":8},"end":{"line":61,"column":55}},"22":{"start":{"line":64,"column":4},"end":{"line":68,"column":5}},"23":{"start":{"line":65,"column":8},"end":{"line":65,"column":26}},"24":{"start":{"line":67,"column":6},"end":{"line":67,"column":35}},"25":{"start":{"line":71,"column":0},"end":{"line":79,"column":2}},"26":{"start":{"line":72,"column":4},"end":{"line":78,"column":5}},"27":{"start":{"line":73,"column":8},"end":{"line":73,"column":56}},"28":{"start":{"line":74,"column":11},"end":{"line":78,"column":5}},"29":{"start":{"line":75,"column":8},"end":{"line":75,"column":24}},"30":{"start":{"line":77,"column":8},"end":{"line":77,"column":35}},"31":{"start":{"line":81,"column":0},"end":{"line":95,"column":6}},"32":{"start":{"line":82,"column":4},"end":{"line":84,"column":5}},"33":{"start":{"line":83,"column":8},"end":{"line":83,"column":55}},"34":{"start":{"line":86,"column":4},"end":{"line":94,"column":9}},"35":{"start":{"line":87,"column":8},"end":{"line":87,"column":47}},"36":{"start":{"line":88,"column":11},"end":{"line":94,"column":9}},"37":{"start":{"line":89,"column":8},"end":{"line":89,"column":31}},"38":{"start":{"line":90,"column":11},"end":{"line":94,"column":9}},"39":{"start":{"line":91,"column":8},"end":{"line":91,"column":31}},"40":{"start":{"line":93,"column":8},"end":{"line":93,"column":30}},"41":{"start":{"line":97,"column":0},"end":{"line":99,"column":1}},"42":{"start":{"line":98,"column":4},"end":{"line":98,"column":29}},"43":{"start":{"line":100,"column":0},"end":{"line":103,"column":1}},"44":{"start":{"line":101,"column":18},"end":{"line":101,"column":35}},"45":{"start":{"line":102,"column":4},"end":{"line":102,"column":29}},"46":{"start":{"line":105,"column":0},"end":{"line":105,"column":21}}},"fnMap":{"0":{"name":"Pet","decl":{"start":{"line":13,"column":9},"end":{"line":13,"column":12}},"loc":{"start":{"line":13,"column":19},"end":{"line":19,"column":1}},"line":13},"1":{"name":"(anonymous_1)","decl":{"start":{"line":22,"column":4},"end":{"line":22,"column":5}},"loc":{"start":{"line":22,"column":18},"end":{"line":24,"column":5}},"line":22},"2":{"name":"(anonymous_2)","decl":{"start":{"line":47,"column":23},"end":{"line":47,"column":24}},"loc":{"start":{"line":47,"column":34},"end":{"line":57,"column":1}},"line":47},"3":{"name":"(anonymous_3)","decl":{"start":{"line":59,"column":21},"end":{"line":59,"column":22}},"loc":{"start":{"line":59,"column":32},"end":{"line":69,"column":1}},"line":59},"4":{"name":"(anonymous_4)","decl":{"start":{"line":71,"column":21},"end":{"line":71,"column":22}},"loc":{"start":{"line":71,"column":33},"end":{"line":79,"column":1}},"line":71},"5":{"name":"(anonymous_5)","decl":{"start":{"line":81,"column":24},"end":{"line":81,"column":25}},"loc":{"start":{"line":81,"column":36},"end":{"line":95,"column":5}},"line":81},"6":{"name":"(anonymous_6)","decl":{"start":{"line":97,"column":27},"end":{"line":97,"column":28}},"loc":{"start":{"line":97,"column":44},"end":{"line":99,"column":1}},"line":97},"7":{"name":"(anonymous_7)","decl":{"start":{"line":100,"column":25},"end":{"line":100,"column":26}},"loc":{"start":{"line":100,"column":45},"end":{"line":103,"column":1}},"line":100}},"branchMap":{"0":{"loc":{"start":{"line":23,"column":15},"end":{"line":23,"column":100}},"type":"binary-expr","locations":[{"start":{"line":23,"column":15},"end":{"line":23,"column":36}},{"start":{"line":23,"column":40},"end":{"line":23,"column":67}},{"start":{"line":23,"column":71},"end":{"line":23,"column":100}}],"line":23},"1":{"loc":{"start":{"line":50,"column":4},"end":{"line":52,"column":5}},"type":"if","locations":[{"start":{"line":50,"column":4},"end":{"line":52,"column":5}},{"start":{"line":50,"column":4},"end":{"line":52,"column":5}}],"line":50},"2":{"loc":{"start":{"line":60,"column":4},"end":{"line":68,"column":5}},"type":"if","locations":[{"start":{"line":60,"column":4},"end":{"line":68,"column":5}},{"start":{"line":60,"column":4},"end":{"line":68,"column":5}}],"line":60},"3":{"loc":{"start":{"line":64,"column":4},"end":{"line":68,"column":5}},"type":"if","locations":[{"start":{"line":64,"column":4},"end":{"line":68,"column":5}},{"start":{"line":64,"column":4},"end":{"line":68,"column":5}}],"line":64},"4":{"loc":{"start":{"line":72,"column":4},"end":{"line":78,"column":5}},"type":"if","locations":[{"start":{"line":72,"column":4},"end":{"line":78,"column":5}},{"start":{"line":72,"column":4},"end":{"line":78,"column":5}}],"line":72},"5":{"loc":{"start":{"line":74,"column":11},"end":{"line":78,"column":5}},"type":"if","locations":[{"start":{"line":74,"column":11},"end":{"line":78,"column":5}},{"start":{"line":74,"column":11},"end":{"line":78,"column":5}}],"line":74},"6":{"loc":{"start":{"line":82,"column":4},"end":{"line":84,"column":5}},"type":"if","locations":[{"start":{"line":82,"column":4},"end":{"line":84,"column":5}},{"start":{"line":82,"column":4},"end":{"line":84,"column":5}}],"line":82},"7":{"loc":{"start":{"line":86,"column":4},"end":{"line":94,"column":9}},"type":"if","locations":[{"start":{"line":86,"column":4},"end":{"line":94,"column":9}},{"start":{"line":86,"column":4},"end":{"line":94,"column":9}}],"line":86},"8":{"loc":{"start":{"line":86,"column":8},"end":{"line":86,"column":50}},"type":"binary-expr","locations":[{"start":{"line":86,"column":9},"end":{"line":86,"column":26}},{"start":{"line":86,"column":33},"end":{"line":86,"column":49}}],"line":86},"9":{"loc":{"start":{"line":88,"column":11},"end":{"line":94,"column":9}},"type":"if","locations":[{"start":{"line":88,"column":11},"end":{"line":94,"column":9}},{"start":{"line":88,"column":11},"end":{"line":94,"column":9}}],"line":88},"10":{"loc":{"start":{"line":90,"column":11},"end":{"line":94,"column":9}},"type":"if","locations":[{"start":{"line":90,"column":11},"end":{"line":94,"column":9}},{"start":{"line":90,"column":11},"end":{"line":94,"column":9}}],"line":90}},"s":{"0":1,"1":1,"2":1,"3":1,"4":1,"5":1,"6":25,"7":25,"8":25,"9":25,"10":25,"11":1,"12":16,"13":1,"14":2,"15":1,"16":1,"17":1,"18":1,"19":1,"20":3,"21":1,"22":2,"23":1,"24":1,"25":1,"26":4,"27":1,"28":3,"29":2,"30":1,"31":1,"32":5,"33":1,"34":4,"35":1,"36":3,"37":1,"38":2,"39":1,"40":1,"41":1,"42":1,"43":1,"44":1,"45":1,"46":1},"f":{"0":25,"1":16,"2":2,"3":3,"4":4,"5":5,"6":1,"7":1},"b":{"0":[16,11,11],"1":[1,1],"2":[1,2],"3":[1,1],"4":[1,3],"5":[2,1],"6":[1,4],"7":[1,3],"8":[4,2],"9":[1,2],"10":[1,1]},"_coverageSchema":"43e27e138ebf9cfc5966b082cf9a028302ed4184","hash":"ab1483e0ddb1e77b579f575da58685b39f4718e2"}
}
