TN:
SF:/Users/rodris04/code/mcr.codes/virtual-pet-3/src/pet.js
FN:13,Pet
FN:22,(anonymous_1)
FN:47,(anonymous_2)
FN:59,(anonymous_3)
FN:71,(anonymous_4)
FN:81,(anonymous_5)
FN:97,(anonymous_6)
FN:100,(anonymous_7)
FNF:8
FNH:8
FNDA:25,Pet
FNDA:16,(anonymous_1)
FNDA:2,(anonymous_2)
FNDA:3,(anonymous_3)
FNDA:4,(anonymous_4)
FNDA:5,(anonymous_5)
FNDA:1,(anonymous_6)
FNDA:1,(anonymous_7)
DA:6,1
DA:7,1
DA:8,1
DA:9,1
DA:10,1
DA:11,1
DA:14,25
DA:15,25
DA:16,25
DA:17,25
DA:18,25
DA:21,1
DA:23,16
DA:47,1
DA:50,2
DA:51,1
DA:54,1
DA:55,1
DA:56,1
DA:59,1
DA:60,3
DA:61,1
DA:64,2
DA:65,1
DA:67,1
DA:71,1
DA:72,4
DA:73,1
DA:74,3
DA:75,2
DA:77,1
DA:81,1
DA:82,5
DA:83,1
DA:86,4
DA:87,1
DA:88,3
DA:89,1
DA:90,2
DA:91,1
DA:93,1
DA:97,1
DA:98,1
DA:100,1
DA:101,1
DA:102,1
DA:105,1
LF:47
LH:47
BRDA:23,0,0,16
BRDA:23,0,1,11
BRDA:23,0,2,11
BRDA:50,1,0,1
BRDA:50,1,1,1
BRDA:60,2,0,1
BRDA:60,2,1,2
BRDA:64,3,0,1
BRDA:64,3,1,1
BRDA:72,4,0,1
BRDA:72,4,1,3
BRDA:74,5,0,2
BRDA:74,5,1,1
BRDA:82,6,0,1
BRDA:82,6,1,4
BRDA:86,7,0,1
BRDA:86,7,1,3
BRDA:86,8,0,4
BRDA:86,8,1,2
BRDA:88,9,0,1
BRDA:88,9,1,2
BRDA:90,10,0,1
BRDA:90,10,1,1
BRF:23
BRH:23
end_of_record
